.\Debug\RoboticsLab.ilk
C:\Users\User\Desktop\CPE482-AMR-Lab1_BaseCode\.\Debug\RoboticsLab.exe
C:\Users\User\Desktop\CPE482-AMR-Lab1_BaseCode\.\Debug\RoboticsLab.exe.intermediate.manifest
C:\Users\User\Desktop\CPE482-AMR-Lab1_BaseCode\Debug\cl.command.1.tlog
C:\Users\User\Desktop\CPE482-AMR-Lab1_BaseCode\Debug\CL.read.1.tlog
C:\Users\User\Desktop\CPE482-AMR-Lab1_BaseCode\Debug\CL.write.1.tlog
C:\USERS\USER\DESKTOP\CPE482-AMR-LAB1_BASECODE\DEBUG\IMAGEPROCESSINGTOOLS.OBJ
C:\USERS\USER\DESKTOP\CPE482-AMR-LAB1_BASECODE\DEBUG\LANDMARK.OBJ
C:\Users\User\Desktop\CPE482-AMR-Lab1_BaseCode\Debug\link.command.1.tlog
C:\Users\User\Desktop\CPE482-AMR-Lab1_BaseCode\Debug\link.read.1.tlog
C:\Users\User\Desktop\CPE482-AMR-Lab1_BaseCode\Debug\link.write.1.tlog
C:\Users\User\Desktop\CPE482-AMR-Lab1_BaseCode\Debug\link-cvtres.read.1.tlog
C:\Users\User\Desktop\CPE482-AMR-Lab1_BaseCode\Debug\link-cvtres.write.1.tlog
C:\USERS\USER\DESKTOP\CPE482-AMR-LAB1_BASECODE\DEBUG\MAP.OBJ
C:\Users\User\Desktop\CPE482-AMR-Lab1_BaseCode\Debug\mt.command.1.tlog
C:\Users\User\Desktop\CPE482-AMR-Lab1_BaseCode\Debug\mt.read.1.tlog
C:\Users\User\Desktop\CPE482-AMR-Lab1_BaseCode\Debug\mt.write.1.tlog
C:\USERS\USER\DESKTOP\CPE482-AMR-LAB1_BASECODE\DEBUG\NODE.OBJ
C:\USERS\USER\DESKTOP\CPE482-AMR-LAB1_BASECODE\DEBUG\OPENGLCONTROL.OBJ
C:\USERS\USER\DESKTOP\CPE482-AMR-LAB1_BASECODE\DEBUG\OPENGLDEVICE.OBJ
C:\USERS\USER\DESKTOP\CPE482-AMR-LAB1_BASECODE\DEBUG\PARTICLE.OBJ
C:\Users\User\Desktop\CPE482-AMR-Lab1_BaseCode\Debug\rc.command.1.tlog
C:\Users\User\Desktop\CPE482-AMR-Lab1_BaseCode\Debug\rc.read.1.tlog
C:\Users\User\Desktop\CPE482-AMR-Lab1_BaseCode\Debug\rc.write.1.tlog
C:\USERS\USER\DESKTOP\CPE482-AMR-LAB1_BASECODE\DEBUG\ROBOT.OBJ
C:\USERS\USER\DESKTOP\CPE482-AMR-LAB1_BASECODE\DEBUG\ROBOTICSLAB.EXE
C:\USERS\USER\DESKTOP\CPE482-AMR-LAB1_BASECODE\DEBUG\ROBOTICSLAB.EXE.EMBED.MANIFEST
C:\USERS\USER\DESKTOP\CPE482-AMR-LAB1_BASECODE\DEBUG\ROBOTICSLAB.EXE.EMBED.MANIFEST.RES
C:\USERS\USER\DESKTOP\CPE482-AMR-LAB1_BASECODE\DEBUG\ROBOTICSLAB.EXE.INTERMEDIATE.MANIFEST
C:\USERS\USER\DESKTOP\CPE482-AMR-LAB1_BASECODE\DEBUG\ROBOTICSLAB.ILK
C:\USERS\USER\DESKTOP\CPE482-AMR-LAB1_BASECODE\DEBUG\ROBOTICSLAB.OBJ
C:\Users\User\Desktop\CPE482-AMR-Lab1_BaseCode\Debug\RoboticsLab_manifest.rc
C:\USERS\USER\DESKTOP\CPE482-AMR-LAB1_BASECODE\DEBUG\ROBOTICSLABDLG.OBJ
C:\USERS\USER\DESKTOP\CPE482-AMR-LAB1_BASECODE\DEBUG\STDAFX.OBJ
C:\Users\User\Desktop\CPE482-AMR-Lab1_BaseCode\Debug\vc100.idb
C:\USERS\USER\DESKTOP\CPE482-AMR-LAB1_BASECODE\DEBUG\VC100.PDB
C:\USERS\USER\DESKTOP\CPE482-AMR-LAB1_BASECODE\DEBUG\WIROBOTSDK.OBJ
C:\USERS\USER\DESKTOP\CPE482-AMR-LAB1_BASECODE\DEBUG\X80MULTIROBOT.PCH
C:\USERS\USER\DESKTOP\CPE482-AMR-LAB1_BASECODE\DEBUG\X80MULTIROBOT.PDB
C:\USERS\USER\DESKTOP\CPE482-AMR-LAB1_BASECODE\DEBUG\X80MULTIROBOT.RES
