Build started 3/2/2011 9:36:39 AM.
Project "C:\Users\Suspi\Documents\CPE485\CPE485-AMR-Lab4-BaseCode\X80MultiRobot.vcxproj" on node 2 (build target(s)).
InitializeBuildStatus:
  Creating ".\Debug\RoboticsLab.unsuccessfulbuild" because "AlwaysCreate" was specified.
ClCompile:
  All outputs are up-to-date.
  C:\Program Files (x86)\Microsoft Visual Studio 10.0\VC\bin\CL.exe /c /ZI /nologo /W3 /WX- /Od /Oy- /D WIN32 /D _DEBUG /D _WINDOWS /D _VC80_UPGRADE=0x0600 /D _MBCS /D _AFXDLL /Gm /EHsc /RTC1 /MDd /GS /fp:precise /Zc:wchar_t /Zc:forScope /Fo".\Debug/" /Fd".\Debug/vc100.pdb" /Gd /TP /analyze- /errorReport:prompt Robot.cpp
  Robot.cpp
c:\users\suspi\documents\cpe485\cpe485-amr-lab4-basecode\robot.cpp(726): warning C4244: 'initializing' : conversion from 'double' to 'float', possible loss of data
c:\users\suspi\documents\cpe485\cpe485-amr-lab4-basecode\robot.cpp(727): warning C4244: 'initializing' : conversion from 'double' to 'float', possible loss of data
c:\users\suspi\documents\cpe485\cpe485-amr-lab4-basecode\robot.cpp(729): warning C4244: '=' : conversion from 'double' to 'int', possible loss of data
ResourceCompile:
  All outputs are up-to-date.
ManifestResourceCompile:
  All outputs are up-to-date.
Link:
  C:\Program Files (x86)\Microsoft Visual Studio 10.0\VC\bin\link.exe /ERRORREPORT:PROMPT /OUT:".\Debug/RoboticsLab.exe" /INCREMENTAL /NOLOGO opengl32.lib glu32.lib /MANIFEST /ManifestFile:".\Debug\RoboticsLab.exe.intermediate.manifest" /MANIFESTUAC:"level='asInvoker' uiAccess='false'" /DEBUG /PDB:".\Debug/X80MultiRobot.pdb" /SUBSYSTEM:WINDOWS /TLBID:1 /DYNAMICBASE /NXCOMPAT /IMPLIB:".\Debug\RoboticsLab.lib" /MACHINE:X86 .\Debug\X80MultiRobot.res
  .\Debug\RoboticsLab.exe.embed.manifest.res
  .\Debug/ImageProcessingTools.obj
  .\Debug/Landmark.obj
  .\Debug/Map.obj
  .\Debug/Node.obj
  .\Debug/OpenGLControl.obj
  .\Debug/OpenGLDevice.obj
  .\Debug/Particle.obj
  .\Debug/Robot.obj
  .\Debug/RoboticsLab.obj
  .\Debug/RoboticsLabDlg.obj
  .\Debug/StdAfx.obj
  .\Debug/wirobotsdk.obj
Manifest:
  C:\Program Files (x86)\Microsoft SDKs\Windows\v7.0A\bin\mt.exe /nologo /verbose /out:".\Debug\RoboticsLab.exe.embed.manifest" /manifest .\Debug\RoboticsLab.exe.intermediate.manifest "C:\Program Files (x86)\Microsoft Visual Studio 10.0\VC\Include\Manifest\dpiaware.manifest"
  All outputs are up-to-date.
LinkEmbedManifest:
  All outputs are up-to-date.
  X80MultiRobot.vcxproj -> C:\Users\Suspi\Documents\CPE485\CPE485-AMR-Lab4-BaseCode\.\Debug\RoboticsLab.exe
FinalizeBuildStatus:
  Deleting file ".\Debug\RoboticsLab.unsuccessfulbuild".
  Touching ".\Debug\RoboticsLab.lastbuildstate".
Done Building Project "C:\Users\Suspi\Documents\CPE485\CPE485-AMR-Lab4-BaseCode\X80MultiRobot.vcxproj" (build target(s)).

Build succeeded.

Time Elapsed 00:00:03.72
