C:\Users\User\Desktop\CPE482-AMR-Lab1_BaseCode\.\Release\RoboticsLab.exe.intermediate.manifest
C:\Users\User\Desktop\CPE482-AMR-Lab1_BaseCode\Release\._StdAfx.obj
C:\Users\User\Desktop\CPE482-AMR-Lab1_BaseCode\Release\._vc60.idb
C:\Users\User\Desktop\CPE482-AMR-Lab1_BaseCode\Release\._wirobotsdk.obj
C:\Users\User\Desktop\CPE482-AMR-Lab1_BaseCode\Release\._X80MultiRobot.obj
C:\Users\User\Desktop\CPE482-AMR-Lab1_BaseCode\Release\._X80MultiRobot.res
C:\Users\User\Desktop\CPE482-AMR-Lab1_BaseCode\Release\._X80MultiRobotDlg.obj
C:\Users\User\Desktop\CPE482-AMR-Lab1_BaseCode\Release\cl.command.1.tlog
C:\Users\User\Desktop\CPE482-AMR-Lab1_BaseCode\Release\CL.read.1.tlog
C:\Users\User\Desktop\CPE482-AMR-Lab1_BaseCode\Release\CL.write.1.tlog
C:\USERS\USER\DESKTOP\CPE482-AMR-LAB1_BASECODE\RELEASE\IMAGEPROCESSINGTOOLS.OBJ
C:\USERS\USER\DESKTOP\CPE482-AMR-LAB1_BASECODE\RELEASE\LANDMARK.OBJ
C:\Users\User\Desktop\CPE482-AMR-Lab1_BaseCode\Release\link.command.1.tlog
C:\Users\User\Desktop\CPE482-AMR-Lab1_BaseCode\Release\link.read.1.tlog
C:\Users\User\Desktop\CPE482-AMR-Lab1_BaseCode\Release\link.write.1.tlog
C:\Users\User\Desktop\CPE482-AMR-Lab1_BaseCode\Release\link-cvtres.read.1.tlog
C:\Users\User\Desktop\CPE482-AMR-Lab1_BaseCode\Release\link-cvtres.write.1.tlog
C:\USERS\USER\DESKTOP\CPE482-AMR-LAB1_BASECODE\RELEASE\MAP.OBJ
C:\USERS\USER\DESKTOP\CPE482-AMR-LAB1_BASECODE\RELEASE\NODE.OBJ
C:\USERS\USER\DESKTOP\CPE482-AMR-LAB1_BASECODE\RELEASE\OPENGLCONTROL.OBJ
C:\USERS\USER\DESKTOP\CPE482-AMR-LAB1_BASECODE\RELEASE\OPENGLDEVICE.OBJ
C:\USERS\USER\DESKTOP\CPE482-AMR-LAB1_BASECODE\RELEASE\PARTICLE.OBJ
C:\Users\User\Desktop\CPE482-AMR-Lab1_BaseCode\Release\rc.command.1.tlog
C:\Users\User\Desktop\CPE482-AMR-Lab1_BaseCode\Release\rc.read.1.tlog
C:\Users\User\Desktop\CPE482-AMR-Lab1_BaseCode\Release\rc.write.1.tlog
C:\USERS\USER\DESKTOP\CPE482-AMR-LAB1_BASECODE\RELEASE\ROBOT.OBJ
C:\Users\User\Desktop\CPE482-AMR-Lab1_BaseCode\Release\RoboticsLab.exe.intermediate.manifest
C:\USERS\USER\DESKTOP\CPE482-AMR-LAB1_BASECODE\RELEASE\ROBOTICSLAB.OBJ
C:\USERS\USER\DESKTOP\CPE482-AMR-LAB1_BASECODE\RELEASE\ROBOTICSLABDLG.OBJ
C:\USERS\USER\DESKTOP\CPE482-AMR-LAB1_BASECODE\RELEASE\STDAFX.OBJ
C:\USERS\USER\DESKTOP\CPE482-AMR-LAB1_BASECODE\RELEASE\VC100.PDB
C:\Users\User\Desktop\CPE482-AMR-Lab1_BaseCode\Release\vc60.idb
C:\USERS\USER\DESKTOP\CPE482-AMR-LAB1_BASECODE\RELEASE\WIROBOTSDK.OBJ
C:\Users\User\Desktop\CPE482-AMR-Lab1_BaseCode\Release\X80MultiRobot.obj
C:\USERS\USER\DESKTOP\CPE482-AMR-LAB1_BASECODE\RELEASE\X80MULTIROBOT.PCH
C:\USERS\USER\DESKTOP\CPE482-AMR-LAB1_BASECODE\RELEASE\X80MULTIROBOT.RES
C:\Users\User\Desktop\CPE482-AMR-Lab1_BaseCode\Release\X80MultiRobotDlg.obj
